This is pdfTeX, Version 3.141592653-2.6-1.40.24 (MiKTeX 21.12.10) (preloaded format=pdflatex 2022.1.27)  28 JAN 2022 20:10
entering extended mode
 restricted \write18 enabled.
 %&-line parsing enabled.
**./untitled-2.tex
(untitled-2.tex
LaTeX2e <2021-11-15> patch level 1
L3 programming layer <2022-01-21>
(C:\Users\suder\AppData\Local\Programs\MiKTeX\tex/latex/base\article.cls
Document Class: article 2021/10/04 v1.4n Standard LaTeX document class
(C:\Users\suder\AppData\Local\Programs\MiKTeX\tex/latex/base\size10.clo
File: size10.clo 2021/10/04 v1.4n Standard LaTeX file (size option)
)
\c@part=\count185
\c@section=\count186
\c@subsection=\count187
\c@subsubsection=\count188
\c@paragraph=\count189
\c@subparagraph=\count190
\c@figure=\count191
\c@table=\count192
\abovecaptionskip=\skip47
\belowcaptionskip=\skip48
\bibindent=\dimen138
)
(C:\Users\suder\AppData\Local\Programs\MiKTeX\tex/latex/amsfonts\amsfonts.sty
Package: amsfonts 2013/01/14 v3.01 Basic AMSFonts support
\@emptytoks=\toks16
\symAMSa=\mathgroup4
\symAMSb=\mathgroup5
LaTeX Font Info:    Redeclaring math symbol \hbar on input line 98.
LaTeX Font Info:    Overwriting math alphabet `\mathfrak' in version `bold'
(Font)                  U/euf/m/n --> U/euf/b/n on input line 106.
)
(C:\Users\suder\AppData\Local\Programs\MiKTeX\tex/latex/pdfpages\pdfpages.sty
Package: pdfpages 2021/03/06 v0.5t Insert pages of external PDF documents (AM)

(C:\Users\suder\AppData\Local\Programs\MiKTeX\tex/latex/base\ifthen.sty
Package: ifthen 2020/11/24 v1.1c Standard LaTeX ifthen package (DPC)
)
(C:\Users\suder\AppData\Local\Programs\MiKTeX\tex/latex/tools\calc.sty
Package: calc 2017/05/25 v4.3 Infix arithmetic (KKT,FJ)
\calc@Acount=\count193
\calc@Bcount=\count194
\calc@Adimen=\dimen139
\calc@Bdimen=\dimen140
\calc@Askip=\skip49
\calc@Bskip=\skip50
LaTeX Info: Redefining \setlength on input line 80.
LaTeX Info: Redefining \addtolength on input line 81.
\calc@Ccount=\count195
\calc@Cskip=\skip51
)
(C:\Users\suder\AppData\Local\Programs\MiKTeX\tex/latex/eso-pic\eso-pic.sty
Package: eso-pic 2020/10/14 v3.0a eso-pic (RN)
\ESO@tempdima=\dimen141
\ESO@tempdimb=\dimen142

(C:\Users\suder\AppData\Local\Programs\MiKTeX\tex/latex/graphics\keyval.sty
Package: keyval 2014/10/28 v1.15 key=value parser (DPC)
\KV@toks@=\toks17
)
(C:\Users\suder\AppData\Local\Programs\MiKTeX\tex/latex/xcolor\xcolor.sty
Package: xcolor 2021/10/31 v2.13 LaTeX color extensions (UK)

(C:\Users\suder\AppData\Local\Programs\MiKTeX\tex/latex/graphics-cfg\color.cfg
File: color.cfg 2016/01/02 v1.6 sample color configuration
)
Package xcolor Info: Driver file: pdftex.def on input line 227.

(C:\Users\suder\AppData\Local\Programs\MiKTeX\tex/latex/graphics-def\pdftex.def
File: pdftex.def 2020/10/05 v1.2a Graphics/color driver for pdftex
)
Package xcolor Info: Model `cmy' substituted by `cmy0' on input line 1352.
Package xcolor Info: Model `hsb' substituted by `rgb' on input line 1356.
Package xcolor Info: Model `RGB' extended on input line 1368.
Package xcolor Info: Model `HTML' substituted by `rgb' on input line 1370.
Package xcolor Info: Model `Hsb' substituted by `hsb' on input line 1371.
Package xcolor Info: Model `tHsb' substituted by `hsb' on input line 1372.
Package xcolor Info: Model `HSB' substituted by `hsb' on input line 1373.
Package xcolor Info: Model `Gray' substituted by `gray' on input line 1374.
Package xcolor Info: Model `wave' substituted by `hsb' on input line 1375.
))
(C:\Users\suder\AppData\Local\Programs\MiKTeX\tex/latex/graphics\graphicx.sty
Package: graphicx 2021/09/16 v1.2d Enhanced LaTeX Graphics (DPC,SPQR)

(C:\Users\suder\AppData\Local\Programs\MiKTeX\tex/latex/graphics\graphics.sty
Package: graphics 2021/03/04 v1.4d Standard LaTeX Graphics (DPC,SPQR)

(C:\Users\suder\AppData\Local\Programs\MiKTeX\tex/latex/graphics\trig.sty
Package: trig 2021/08/11 v1.11 sin cos tan (DPC)
)
(C:\Users\suder\AppData\Local\Programs\MiKTeX\tex/latex/graphics-cfg\graphics.c
fg
File: graphics.cfg 2016/06/04 v1.11 sample graphics configuration
)
Package graphics Info: Driver file: pdftex.def on input line 107.
)
\Gin@req@height=\dimen143
\Gin@req@width=\dimen144
)
\AM@pagewidth=\dimen145
\AM@pageheight=\dimen146
\AM@fboxrule=\dimen147

(C:\Users\suder\AppData\Local\Programs\MiKTeX\tex/latex/pdfpages\pppdftex.def
File: pppdftex.def 2021/03/06 v0.5t Pdfpages driver for pdfTeX (AM)
)
\pdfpages@includegraphics@status=\count196
\AM@pagebox=\box50
\AM@global@opts=\toks18
\AM@pagecnt=\count197
\AM@toc@title=\toks19
\c@AM@survey=\count198
\AM@templatesizebox=\box51
) (C:\Users\suder\AppData\Local\Programs\MiKTeX\tex/latex/geometry\geometry.sty
Package: geometry 2020/01/02 v5.9 Page Geometry

(C:\Users\suder\AppData\Local\Programs\MiKTeX\tex/generic/iftex\ifvtex.sty
Package: ifvtex 2019/10/25 v1.7 ifvtex legacy package. Use iftex instead.

(C:\Users\suder\AppData\Local\Programs\MiKTeX\tex/generic/iftex\iftex.sty
Package: iftex 2020/03/06 v1.0d TeX engine tests
))
\Gm@cnth=\count199
\Gm@cntv=\count266
\c@Gm@tempcnt=\count267
\Gm@bindingoffset=\dimen148
\Gm@wd@mp=\dimen149
\Gm@odd@mp=\dimen150
\Gm@even@mp=\dimen151
\Gm@layoutwidth=\dimen152
\Gm@layoutheight=\dimen153
\Gm@layouthoffset=\dimen154
\Gm@layoutvoffset=\dimen155
\Gm@dimlist=\toks20

(C:\Users\suder\AppData\Local\Programs\MiKTeX\tex/latex/geometry\geometry.cfg))

(C:\Users\suder\AppData\Local\Programs\MiKTeX\tex/latex/l3backend\l3backend-pdf
tex.def
File: l3backend-pdftex.def 2022-01-12 L3 backend support: PDF output (pdfTeX)
\l__color_backend_stack_int=\count268
\l__pdf_internal_box=\box52
) (untitled-2.aux)
\openout1 = `untitled-2.aux'.

LaTeX Font Info:    Checking defaults for OML/cmm/m/it on input line 11.
LaTeX Font Info:    ... okay on input line 11.
LaTeX Font Info:    Checking defaults for OMS/cmsy/m/n on input line 11.
LaTeX Font Info:    ... okay on input line 11.
LaTeX Font Info:    Checking defaults for OT1/cmr/m/n on input line 11.
LaTeX Font Info:    ... okay on input line 11.
LaTeX Font Info:    Checking defaults for T1/cmr/m/n on input line 11.
LaTeX Font Info:    ... okay on input line 11.
LaTeX Font Info:    Checking defaults for TS1/cmr/m/n on input line 11.
LaTeX Font Info:    ... okay on input line 11.
LaTeX Font Info:    Checking defaults for OMX/cmex/m/n on input line 11.
LaTeX Font Info:    ... okay on input line 11.
LaTeX Font Info:    Checking defaults for U/cmr/m/n on input line 11.
LaTeX Font Info:    ... okay on input line 11.

(C:\Users\suder\AppData\Local\Programs\MiKTeX\tex/context/base/mkii\supp-pdf.mk
ii
[Loading MPS to PDF converter (version 2006.09.02).]
\scratchcounter=\count269
\scratchdimen=\dimen156
\scratchbox=\box53
\nofMPsegments=\count270
\nofMParguments=\count271
\everyMPshowfont=\toks21
\MPscratchCnt=\count272
\MPscratchDim=\dimen157
\MPnumerator=\count273
\makeMPintoPDFobject=\count274
\everyMPtoPDFconversion=\toks22
)
(C:\Users\suder\AppData\Local\Programs\MiKTeX\tex/latex/epstopdf-pkg\epstopdf-b
ase.sty
Package: epstopdf-base 2020-01-24 v2.11 Base part for package epstopdf
Package epstopdf-base Info: Redefining graphics rule for `.eps' on input line 4
85.

(C:\Users\suder\AppData\Local\Programs\MiKTeX\tex/latex/00miktex\epstopdf-sys.c
fg
File: epstopdf-sys.cfg 2021/03/18 v2.0 Configuration of epstopdf for MiKTeX
))
(C:\Users\suder\AppData\Local\Programs\MiKTeX\tex/latex/pdflscape\pdflscape.sty
Package: pdflscape 2019/12/05 v0.12 Display of landscape pages in PDF (HO)
(C:\Users\suder\AppData\Local\Programs\MiKTeX\tex/latex/graphics\lscape.sty
Package: lscape 2020/05/28 v3.02 Landscape Pages (DPC)
)
Package pdflscape Info: Auto-detected driver: pdftex on input line 81.
)
*geometry* driver: auto-detecting
*geometry* detected driver: pdftex
*geometry* verbose mode - [ preamble ] result:
* driver: pdftex
* paper: <default>
* layout: <same size as paper>
* layoutoffset:(h,v)=(0.0pt,0.0pt)
* modes: 
* h-part:(L,W,R)=(72.26999pt, 469.75502pt, 72.26999pt)
* v-part:(T,H,B)=(72.26999pt, 650.43001pt, 72.26999pt)
* \paperwidth=614.295pt
* \paperheight=794.96999pt
* \textwidth=469.75502pt
* \textheight=650.43001pt
* \oddsidemargin=0.0pt
* \evensidemargin=0.0pt
* \topmargin=-37.0pt
* \headheight=12.0pt
* \headsep=25.0pt
* \topskip=10.0pt
* \footskip=30.0pt
* \marginparwidth=65.0pt
* \marginparsep=11.0pt
* \columnsep=10.0pt
* \skip\footins=9.0pt plus 4.0pt minus 2.0pt
* \hoffset=0.0pt
* \voffset=0.0pt
* \mag=1000
* \@twocolumnfalse
* \@twosidefalse
* \@mparswitchfalse
* \@reversemarginfalse
* (1in=72.27pt=25.4mm, 1cm=28.453pt)

LaTeX Font Info:    Trying to load font information for U+msa on input line 12.

(C:\Users\suder\AppData\Local\Programs\MiKTeX\tex/latex/amsfonts\umsa.fd
File: umsa.fd 2013/01/14 v3.01 AMS symbols A
)
LaTeX Font Info:    Trying to load font information for U+msb on input line 12.


(C:\Users\suder\AppData\Local\Programs\MiKTeX\tex/latex/amsfonts\umsb.fd
File: umsb.fd 2013/01/14 v3.01 AMS symbols B
)
[1

{C:/Users/suder/AppData/Local/MiKTeX/fonts/map/pdftex/pdftex.map}] [2]
[3]
<Assignment-1-Saksham-Sudershan.pdf, id=23, 614.295pt x 794.97pt>
File: Assignment-1-Saksham-Sudershan.pdf Graphic file (type pdf)
<use Assignment-1-Saksham-Sudershan.pdf>
Package pdftex.def Info: Assignment-1-Saksham-Sudershan.pdf  used on input line
 147.
(pdftex.def)             Requested size: 614.29349pt x 794.96806pt.
File: Assignment-1-Saksham-Sudershan.pdf Graphic file (type pdf)
<use Assignment-1-Saksham-Sudershan.pdf>
Package pdftex.def Info: Assignment-1-Saksham-Sudershan.pdf  used on input line
 147.
(pdftex.def)             Requested size: 614.29349pt x 794.96806pt.
<Assignment-1-Saksham-Sudershan.pdf, id=26, page=1, 614.295pt x 794.97pt>
File: Assignment-1-Saksham-Sudershan.pdf Graphic file (type pdf)
<use Assignment-1-Saksham-Sudershan.pdf, page 1>
Package pdftex.def Info: Assignment-1-Saksham-Sudershan.pdf , page1 used on inp
ut line 147.
(pdftex.def)             Requested size: 614.29349pt x 794.96806pt.
File: Assignment-1-Saksham-Sudershan.pdf Graphic file (type pdf)
<use Assignment-1-Saksham-Sudershan.pdf, page 1>
Package pdftex.def Info: Assignment-1-Saksham-Sudershan.pdf , page1 used on inp
ut line 147.
(pdftex.def)             Requested size: 614.58406pt x 795.3441pt.
 [4]
File: Assignment-1-Saksham-Sudershan.pdf Graphic file (type pdf)
<use Assignment-1-Saksham-Sudershan.pdf, page 1>
Package pdftex.def Info: Assignment-1-Saksham-Sudershan.pdf , page1 used on inp
ut line 147.
(pdftex.def)             Requested size: 614.58406pt x 795.3441pt.
File: Assignment-1-Saksham-Sudershan.pdf Graphic file (type pdf)
<use Assignment-1-Saksham-Sudershan.pdf, page 1>
Package pdftex.def Info: Assignment-1-Saksham-Sudershan.pdf , page1 used on inp
ut line 147.
(pdftex.def)             Requested size: 614.58406pt x 795.3441pt.
File: Assignment-1-Saksham-Sudershan.pdf Graphic file (type pdf)
<use Assignment-1-Saksham-Sudershan.pdf, page 1>
Package pdftex.def Info: Assignment-1-Saksham-Sudershan.pdf , page1 used on inp
ut line 147.
(pdftex.def)             Requested size: 614.58406pt x 795.3441pt.
 [5 <./Assignment-1-Saksham-Sudershan.pdf>]
<Assignment-1-Saksham-Sudershan.pdf, id=70, page=2, 614.295pt x 794.97pt>
File: Assignment-1-Saksham-Sudershan.pdf Graphic file (type pdf)
<use Assignment-1-Saksham-Sudershan.pdf, page 2>
Package pdftex.def Info: Assignment-1-Saksham-Sudershan.pdf , page2 used on inp
ut line 147.
(pdftex.def)             Requested size: 614.58406pt x 795.3441pt.
File: Assignment-1-Saksham-Sudershan.pdf Graphic file (type pdf)
<use Assignment-1-Saksham-Sudershan.pdf, page 2>
Package pdftex.def Info: Assignment-1-Saksham-Sudershan.pdf , page2 used on inp
ut line 147.
(pdftex.def)             Requested size: 614.58406pt x 795.3441pt.
File: Assignment-1-Saksham-Sudershan.pdf Graphic file (type pdf)
<use Assignment-1-Saksham-Sudershan.pdf, page 2>
Package pdftex.def Info: Assignment-1-Saksham-Sudershan.pdf , page2 used on inp
ut line 147.
(pdftex.def)             Requested size: 614.58406pt x 795.3441pt.
 [6 <./Assignment-1-Saksham-Sudershan.pdf>] (untitled-2.aux) ) 
Here is how much of TeX's memory you used:
 3333 strings out of 478593
 54328 string characters out of 2844604
 359363 words of memory out of 3000000
 21479 multiletter control sequences out of 15000+600000
 477160 words of font info for 59 fonts, out of 8000000 for 9000
 1141 hyphenation exceptions out of 8191
 70i,17n,76p,262b,424s stack positions out of 5000i,500n,10000p,200000b,80000s
<C:/Users/suder/A
ppData/Local/Programs/MiKTeX/fonts/type1/public/amsfonts/cm/cmbx12.pfb><C:/User
s/suder/AppData/Local/Programs/MiKTeX/fonts/type1/public/amsfonts/cm/cmex10.pfb
><C:/Users/suder/AppData/Local/Programs/MiKTeX/fonts/type1/public/amsfonts/cm/c
mmi10.pfb><C:/Users/suder/AppData/Local/Programs/MiKTeX/fonts/type1/public/amsf
onts/cm/cmmi7.pfb><C:/Users/suder/AppData/Local/Programs/MiKTeX/fonts/type1/pub
lic/amsfonts/cm/cmr10.pfb><C:/Users/suder/AppData/Local/Programs/MiKTeX/fonts/t
ype1/public/amsfonts/cm/cmr12.pfb><C:/Users/suder/AppData/Local/Programs/MiKTeX
/fonts/type1/public/amsfonts/cm/cmr17.pfb><C:/Users/suder/AppData/Local/Program
s/MiKTeX/fonts/type1/public/amsfonts/cm/cmr7.pfb><C:/Users/suder/AppData/Local/
Programs/MiKTeX/fonts/type1/public/amsfonts/cm/cmsy10.pfb><C:/Users/suder/AppDa
ta/Local/Programs/MiKTeX/fonts/type1/public/amsfonts/cm/cmsy7.pfb><C:/Users/sud
er/AppData/Local/Programs/MiKTeX/fonts/type1/public/amsfonts/cm/cmti10.pfb><C:/
Users/suder/AppData/Local/Programs/MiKTeX/fonts/type1/public/lm/lmbx12.pfb><C:/
Users/suder/AppData/Local/Programs/MiKTeX/fonts/type1/public/lm/lmr10.pfb><C:/U
sers/suder/AppData/Local/Programs/MiKTeX/fonts/type1/public/lm/lmri10.pfb><C:/U
sers/suder/AppData/Local/Programs/MiKTeX/fonts/type1/public/lm/lmtk10.pfb><C:/U
sers/suder/AppData/Local/Programs/MiKTeX/fonts/type1/public/lm/lmtt10.pfb><C:/U
sers/suder/AppData/Local/Programs/MiKTeX/fonts/type1/public/lm/lmtti10.pfb><C:/
Users/suder/AppData/Local/Programs/MiKTeX/fonts/type1/public/amsfonts/symbols/m
sbm10.pfb>
Output written on untitled-2.pdf (6 pages, 292198 bytes).
PDF statistics:
 129 PDF objects out of 1000 (max. 8388607)
 0 named destinations out of 1000 (max. 500000)
 26 words of extra memory for PDF output out of 10000 (max. 10000000)

